Lunes 20/Marzo/2008  <23:53:13> --> INFO : Se Ejecuta Interfaz de Cocina.
Lunes 20/Marzo/2008  <23:53:13> --> WARNING :  No hay Soporte para Pantalla Completa.

------------------------| LOG DE CLIENTE |-------------------
  IP del Cliente  : acactown-host.acactown-site/127.0.0.2
  Nombre del Host : acactown-host.acactown-site
  Fecha y Hora de Inicio : Lunes 20/Marzo/2008  <23:54:52>
--------------------------------------------------------------
Lunes 20/Marzo/2008  <23:54:52> --> WARNING :  No hay Soporte para Pantalla Completa.

------------------------| LOG DE CLIENTE |-------------------
  IP del Cliente  : acactown-host.acactown-site/127.0.0.2
  Nombre del Host : acactown-host.acactown-site
  Fecha y Hora de Inicio : Martes 21/Marzo/2008  <00:00:19>
--------------------------------------------------------------
Martes 21/Marzo/2008  <00:00:19> --> WARNING :  No hay Soporte para Pantalla Completa.

------------------------| LOG DE CLIENTE |-------------------
  IP del Cliente  : acactown-host.acactown-site/127.0.0.2
  Nombre del Host : acactown-host.acactown-site
  Fecha y Hora de Inicio : Martes 21/Marzo/2008  <00:03:31>
--------------------------------------------------------------
Martes 21/Marzo/2008  <00:03:31> --> WARNING :  No hay Soporte para Pantalla Completa.

------------------------| LOG DE CLIENTE |-------------------
  IP del Cliente  : acactown-host.acactown-site/127.0.0.2
  Nombre del Host : acactown-host.acactown-site
  Fecha y Hora de Inicio : Lunes 21/Marzo/2008  <00:12:42>
--------------------------------------------------------------
Lunes 21/Marzo/2008  <00:12:42> --> WARNING :  No hay Soporte para Pantalla Completa.

------------------------| LOG DE CLIENTE |-------------------
  IP del Cliente  : acactown-host.acactown-site/127.0.0.2
  Nombre del Host : acactown-host.acactown-site
  Fecha y Hora de Inicio : Lunes 21/Abril/2008  <00:14:44>
--------------------------------------------------------------
Lunes 21/Abril/2008  <00:14:44> --> WARNING :  No hay Soporte para Pantalla Completa.

------------------------| LOG DE CLIENTE |-------------------
  IP del Cliente  : acactown-host.acactown-site/127.0.0.2
  Nombre del Host : acactown-host.acactown-site
  Fecha y Hora de Inicio : Lunes 21/Abril/2008  <00:17:07>
--------------------------------------------------------------
Lunes 21/Abril/2008  <00:17:07> --> WARNING :  No hay Soporte para Pantalla Completa.

------------------------| LOG DE CLIENTE |-------------------
  IP del Cliente  : acactown-host.acactown-site/127.0.0.2
  Nombre del Host : acactown-host.acactown-site
  Fecha y Hora de Inicio : Lunes 21/Abril/2008  <00:19:56>
--------------------------------------------------------------
Lunes 21/Abril/2008  <00:19:56> --> INFO : Se Ejecuta Interfaz de Iniciar Sesion.
Lunes 21/Abril/2008  <00:19:56> --> WARNING :  No hay Soporte para Pantalla Completa.

------------------------| LOG DE CLIENTE |-------------------
  IP del Cliente  : acactown-host.acactown-site/127.0.0.2
  Nombre del Host : acactown-host.acactown-site
  Fecha y Hora de Inicio : Lunes 21/Abril/2008  <00:26:36>
--------------------------------------------------------------
Lunes 21/Abril/2008  <00:26:36> --> INFO : Se Ejecuta Interfaz de Iniciar Sesion.
Lunes 21/Abril/2008  <00:26:36> --> WARNING :  No hay Soporte para Pantalla Completa.
