
------------------------| LOG DE SERVIDOR |-------------------
  IP del Servidor : acactown-host.acactown-site/127.0.0.2
  Nombre del Host : acactown-host.acactown-site
  Fecha y Hora de Inicio : Lunes 20/Marzo/2008  <12:30:55>
--------------------------------------------------------------

Lunes 20/Marzo/2008  <12:30:55> -->Error 1: Falla de Comunicacion: null
    Causa :Address already in use

------------------------| LOG DE SERVIDOR |-------------------
  IP del Servidor : acactown-host.acactown-site/127.0.0.2
  Nombre del Host : acactown-host.acactown-site
  Fecha y Hora de Inicio : Lunes 20/Marzo/2008  <12:32:06>
--------------------------------------------------------------

Lunes 20/Marzo/2008  <12:32:06> -->El Servidor esta Corriendo.

Lunes 20/Marzo/2008  <12:32:06> -->Esperando Cliente.

------------------------| LOG DE SERVIDOR |-------------------
  IP del Servidor : acactown-host.acactown-site/127.0.0.2
  Nombre del Host : acactown-host.acactown-site
  Fecha y Hora de Inicio : Lunes 20/Marzo/2008  <12:36:28>
--------------------------------------------------------------
Lunes 20/Marzo/2008  <12:36:28> --> Error 1: Falla de Comunicacion: null
    Causa :Address already in use

------------------------| LOG DE SERVIDOR |-------------------
  IP del Servidor : acactown-host.acactown-site/127.0.0.2
  Nombre del Host : acactown-host.acactown-site
  Fecha y Hora de Inicio : Lunes 20/Marzo/2008  <12:37:18>
--------------------------------------------------------------
Lunes 20/Marzo/2008  <12:37:19> --> El Servidor esta Corriendo.
Lunes 20/Marzo/2008  <12:37:19> --> Esperando Cliente.

------------------------| LOG DE SERVIDOR |-------------------
  IP del Servidor : acactown-host.acactown-site/127.0.0.2
  Nombre del Host : acactown-host.acactown-site
  Fecha y Hora de Inicio : Lunes 20/Marzo/2008  <16:13:10>
--------------------------------------------------------------
Lunes 20/Marzo/2008  <16:13:10> --> El Servidor esta Corriendo.
Lunes 20/Marzo/2008  <16:13:10> --> Esperando Cliente.

------------------------| LOG DE SERVIDOR |-------------------
  IP del Servidor : acactown-host.acactown-site/127.0.0.2
  Nombre del Host : acactown-host.acactown-site
  Fecha y Hora de Inicio : Lunes 20/Marzo/2008  <16:19:35>
--------------------------------------------------------------
Lunes 20/Marzo/2008  <16:19:36> --> El Servidor esta Corriendo.
Lunes 20/Marzo/2008  <16:19:36> --> Esperando Cliente.

------------------------| LOG DE SERVIDOR |-------------------
  IP del Servidor : desktop/192.168.1.2
  Nombre del Host : desktop
  Fecha y Hora de Inicio : Lunes 20/Marzo/2008  <23:58:55>
--------------------------------------------------------------
Lunes 20/Marzo/2008  <23:58:55> --> INFO : El Servidor esta Corriendo.
Lunes 20/Marzo/2008  <23:58:55> --> INFO : Esperando Cliente.

------------------------| LOG DE SERVIDOR |-------------------
  IP del Servidor : desktop/192.168.1.2
  Nombre del Host : desktop
  Fecha y Hora de Inicio : Lunes 20/Marzo/2008  <23:58:56>
--------------------------------------------------------------
Lunes 20/Marzo/2008  <23:58:56> --> INFO : Se Ejecuta Interfaz de Iniciar Sesion.
Lunes 20/Marzo/2008  <23:58:56> --> INFO : Se aplica Pantalla Completa.

------------------------| LOG DE SERVIDOR |-------------------
  IP del Servidor : desktop/192.168.1.2
  Nombre del Host : desktop
  Fecha y Hora de Inicio : Martes 21/Marzo/2008  <00:41:42>
--------------------------------------------------------------
Martes 21/Marzo/2008  <00:41:43> --> INFO : El Servidor esta Corriendo.
Martes 21/Marzo/2008  <00:41:43> --> INFO : Esperando Cliente.

------------------------| LOG DE SERVIDOR |-------------------
  IP del Servidor : desktop/192.168.1.2
  Nombre del Host : desktop
  Fecha y Hora de Inicio : Martes 21/Marzo/2008  <00:41:44>
--------------------------------------------------------------
Martes 21/Marzo/2008  <00:41:44> --> INFO : Se Ejecuta Interfaz de Iniciar Sesion.
Martes 21/Marzo/2008  <00:41:44> --> INFO : Se aplica Pantalla Completa.

------------------------| LOG DE SERVIDOR |-------------------
  IP del Servidor : desktop/192.168.1.2
  Nombre del Host : desktop
  Fecha y Hora de Inicio : Martes 21/Marzo/2008  <01:03:59>
--------------------------------------------------------------
Martes 21/Marzo/2008  <01:03:59> --> INFO : El Servidor esta Corriendo.
Martes 21/Marzo/2008  <01:03:59> --> INFO : Esperando Cliente.

------------------------| LOG DE SERVIDOR |-------------------
  IP del Servidor : desktop/192.168.1.2
  Nombre del Host : desktop
  Fecha y Hora de Inicio : Martes 21/Marzo/2008  <01:03:59>
--------------------------------------------------------------
Martes 21/Marzo/2008  <01:03:59> --> INFO : Se Ejecuta Interfaz de Iniciar Sesion.
Martes 21/Marzo/2008  <01:03:59> --> INFO : Se aplica Pantalla Completa.

------------------------| LOG DE SERVIDOR |-------------------
  IP del Servidor : desktop/192.168.1.2
  Nombre del Host : desktop
  Fecha y Hora de Inicio : Martes 21/Marzo/2008  <01:05:26>
--------------------------------------------------------------
Martes 21/Marzo/2008  <01:05:27> --> INFO : El Servidor esta Corriendo.
Martes 21/Marzo/2008  <01:05:27> --> INFO : Esperando Cliente.

------------------------| LOG DE SERVIDOR |-------------------
  IP del Servidor : desktop/192.168.1.2
  Nombre del Host : desktop
  Fecha y Hora de Inicio : Martes 21/Marzo/2008  <01:05:27>
--------------------------------------------------------------
Martes 21/Marzo/2008  <01:05:27> --> INFO : Se Ejecuta Interfaz de Iniciar Sesion.
Martes 21/Marzo/2008  <01:05:27> --> INFO : Se aplica Pantalla Completa.

------------------------| LOG DE SERVIDOR |-------------------
  IP del Servidor : desktop/192.168.1.2
  Nombre del Host : desktop
  Fecha y Hora de Inicio : Martes 21/Marzo/2008  <01:06:44>
--------------------------------------------------------------
Martes 21/Marzo/2008  <01:06:44> --> INFO : El Servidor esta Corriendo.
Martes 21/Marzo/2008  <01:06:44> --> INFO : Esperando Cliente.

------------------------| LOG DE SERVIDOR |-------------------
  IP del Servidor : desktop/192.168.1.2
  Nombre del Host : desktop
  Fecha y Hora de Inicio : Martes 21/Marzo/2008  <01:06:44>
--------------------------------------------------------------
Martes 21/Marzo/2008  <01:06:44> --> INFO : Se Ejecuta Interfaz de Iniciar Sesion.
Martes 21/Marzo/2008  <01:06:44> --> INFO : Se aplica Pantalla Completa.

------------------------| LOG DE SERVIDOR |-------------------
  IP del Servidor : desktop/192.168.1.2
  Nombre del Host : desktop
  Fecha y Hora de Inicio : Martes 21/Marzo/2008  <01:07:16>
--------------------------------------------------------------
Martes 21/Marzo/2008  <01:07:16> --> INFO : El Servidor esta Corriendo.
Martes 21/Marzo/2008  <01:07:16> --> INFO : Esperando Cliente.

------------------------| LOG DE SERVIDOR |-------------------
  IP del Servidor : desktop/192.168.1.2
  Nombre del Host : desktop
  Fecha y Hora de Inicio : Martes 21/Marzo/2008  <01:07:16>
--------------------------------------------------------------
Martes 21/Marzo/2008  <01:07:16> --> INFO : Se Ejecuta Interfaz de Iniciar Sesion.
Martes 21/Marzo/2008  <01:07:16> --> INFO : Se aplica Pantalla Completa.

------------------------| LOG DE SERVIDOR |-------------------
  IP del Servidor : desktop/192.168.1.2
  Nombre del Host : desktop
  Fecha y Hora de Inicio : Martes 21/Marzo/2008  <01:07:36>
--------------------------------------------------------------
Martes 21/Marzo/2008  <01:07:36> --> INFO : El Servidor esta Corriendo.
Martes 21/Marzo/2008  <01:07:36> --> INFO : Esperando Cliente.

------------------------| LOG DE SERVIDOR |-------------------
  IP del Servidor : desktop/192.168.1.2
  Nombre del Host : desktop
  Fecha y Hora de Inicio : Martes 21/Marzo/2008  <01:07:36>
--------------------------------------------------------------
Martes 21/Marzo/2008  <01:07:36> --> INFO : Se Ejecuta Interfaz de Iniciar Sesion.
Martes 21/Marzo/2008  <01:07:36> --> INFO : Se aplica Pantalla Completa.

------------------------| LOG DE SERVIDOR |-------------------
  IP del Servidor : desktop/192.168.1.2
  Nombre del Host : desktop
  Fecha y Hora de Inicio : Martes 21/Marzo/2008  <01:08:16>
--------------------------------------------------------------
Martes 21/Marzo/2008  <01:08:16> --> INFO : El Servidor esta Corriendo.
Martes 21/Marzo/2008  <01:08:16> --> INFO : Esperando Cliente.

------------------------| LOG DE SERVIDOR |-------------------
  IP del Servidor : desktop/192.168.1.2
  Nombre del Host : desktop
  Fecha y Hora de Inicio : Martes 21/Marzo/2008  <01:08:16>
--------------------------------------------------------------
Martes 21/Marzo/2008  <01:08:16> --> INFO : Se Ejecuta Interfaz de Iniciar Sesion.
Martes 21/Marzo/2008  <01:08:16> --> INFO : Se aplica Pantalla Completa.

------------------------| LOG DE SERVIDOR |-------------------
  IP del Servidor : desktop/192.168.1.2
  Nombre del Host : desktop
  Fecha y Hora de Inicio : Martes 21/Marzo/2008  <01:10:36>
--------------------------------------------------------------
Martes 21/Marzo/2008  <01:10:36> --> INFO : El Servidor esta Corriendo.
Martes 21/Marzo/2008  <01:10:36> --> INFO : Esperando Cliente.

------------------------| LOG DE SERVIDOR |-------------------
  IP del Servidor : desktop/192.168.1.2
  Nombre del Host : desktop
  Fecha y Hora de Inicio : Martes 21/Marzo/2008  <01:10:37>
--------------------------------------------------------------
Martes 21/Marzo/2008  <01:10:37> --> INFO : Se Ejecuta Interfaz de Iniciar Sesion.
Martes 21/Marzo/2008  <01:10:37> --> INFO : Se aplica Pantalla Completa.

------------------------| LOG DE SERVIDOR |-------------------
  IP del Servidor : desktop/192.168.1.2
  Nombre del Host : desktop
  Fecha y Hora de Inicio : Martes 21/Marzo/2008  <01:22:38>
--------------------------------------------------------------
Martes 21/Marzo/2008  <01:22:38> --> INFO : El Servidor esta Corriendo.
Martes 21/Marzo/2008  <01:22:38> --> INFO : Esperando Cliente.

------------------------| LOG DE SERVIDOR |-------------------
  IP del Servidor : desktop/192.168.1.2
  Nombre del Host : desktop
  Fecha y Hora de Inicio : Martes 21/Marzo/2008  <01:22:38>
--------------------------------------------------------------
Martes 21/Marzo/2008  <01:22:38> --> INFO : Se Ejecuta Interfaz de Iniciar Sesion.
Martes 21/Marzo/2008  <01:22:38> --> INFO : Se aplica Pantalla Completa.

------------------------| LOG DE SERVIDOR |-------------------
  IP del Servidor : desktop/192.168.1.2
  Nombre del Host : desktop
  Fecha y Hora de Inicio : Martes 21/Marzo/2008  <01:23:45>
--------------------------------------------------------------
Martes 21/Marzo/2008  <01:23:45> --> INFO : El Servidor esta Corriendo.
Martes 21/Marzo/2008  <01:23:45> --> INFO : Esperando Cliente.

------------------------| LOG DE SERVIDOR |-------------------
  IP del Servidor : desktop/192.168.1.2
  Nombre del Host : desktop
  Fecha y Hora de Inicio : Martes 21/Marzo/2008  <01:23:45>
--------------------------------------------------------------
Martes 21/Marzo/2008  <01:23:45> --> INFO : Se Ejecuta Interfaz de Iniciar Sesion.
Martes 21/Marzo/2008  <01:23:45> --> INFO : Se aplica Pantalla Completa.

------------------------| LOG DE SERVIDOR |-------------------
  IP del Servidor : desktop/192.168.1.2
  Nombre del Host : desktop
  Fecha y Hora de Inicio : Martes 21/Marzo/2008  <01:24:17>
--------------------------------------------------------------
Martes 21/Marzo/2008  <01:24:17> --> INFO : El Servidor esta Corriendo.
Martes 21/Marzo/2008  <01:24:17> --> INFO : Esperando Cliente.

------------------------| LOG DE SERVIDOR |-------------------
  IP del Servidor : desktop/192.168.1.2
  Nombre del Host : desktop
  Fecha y Hora de Inicio : Martes 21/Marzo/2008  <01:24:17>
--------------------------------------------------------------
Martes 21/Marzo/2008  <01:24:17> --> INFO : Se Ejecuta Interfaz de Iniciar Sesion.
Martes 21/Marzo/2008  <01:24:17> --> INFO : Se aplica Pantalla Completa.

------------------------| LOG DE SERVIDOR |-------------------
  IP del Servidor : desktop/192.168.1.2
  Nombre del Host : desktop
  Fecha y Hora de Inicio : Martes 21/Marzo/2008  <01:24:48>
--------------------------------------------------------------
Martes 21/Marzo/2008  <01:24:48> --> INFO : El Servidor esta Corriendo.
Martes 21/Marzo/2008  <01:24:48> --> INFO : Esperando Cliente.

------------------------| LOG DE SERVIDOR |-------------------
  IP del Servidor : desktop/192.168.1.2
  Nombre del Host : desktop
  Fecha y Hora de Inicio : Martes 21/Marzo/2008  <01:24:48>
--------------------------------------------------------------
Martes 21/Marzo/2008  <01:24:48> --> INFO : Se Ejecuta Interfaz de Iniciar Sesion.
Martes 21/Marzo/2008  <01:24:48> --> INFO : Se aplica Pantalla Completa.

------------------------| LOG DE SERVIDOR |-------------------
  IP del Servidor : desktop/192.168.1.2
  Nombre del Host : desktop
  Fecha y Hora de Inicio : Martes 21/Marzo/2008  <01:25:50>
--------------------------------------------------------------
Martes 21/Marzo/2008  <01:25:50> --> INFO : El Servidor esta Corriendo.
Martes 21/Marzo/2008  <01:25:50> --> INFO : Esperando Cliente.

------------------------| LOG DE SERVIDOR |-------------------
  IP del Servidor : desktop/192.168.1.2
  Nombre del Host : desktop
  Fecha y Hora de Inicio : Martes 21/Marzo/2008  <01:25:50>
--------------------------------------------------------------
Martes 21/Marzo/2008  <01:25:50> --> INFO : Se Ejecuta Interfaz de Iniciar Sesion.
Martes 21/Marzo/2008  <01:25:50> --> INFO : Se aplica Pantalla Completa.
Martes 21/Marzo/2008  <01:25:56> --> INFO : Se Ejecuta Interfaz de Administrador
Martes 21/Marzo/2008  <01:25:56> --> INFO : Se aplica Pantalla Completa.
Martes 21/Marzo/2008  <01:25:58> --> INFO : Se Ejecuta Interfaz de Administrador
Martes 21/Marzo/2008  <01:25:58> --> INFO : Se aplica Pantalla Completa.

------------------------| LOG DE SERVIDOR |-------------------
  IP del Servidor : desktop/192.168.1.2
  Nombre del Host : desktop
  Fecha y Hora de Inicio : Martes 21/Marzo/2008  <01:26:24>
--------------------------------------------------------------
Martes 21/Marzo/2008  <01:26:24> --> INFO : El Servidor esta Corriendo.
Martes 21/Marzo/2008  <01:26:24> --> INFO : Esperando Cliente.

------------------------| LOG DE SERVIDOR |-------------------
  IP del Servidor : desktop/192.168.1.2
  Nombre del Host : desktop
  Fecha y Hora de Inicio : Martes 21/Marzo/2008  <01:26:24>
--------------------------------------------------------------
Martes 21/Marzo/2008  <01:26:24> --> INFO : Se Ejecuta Interfaz de Iniciar Sesion.
Martes 21/Marzo/2008  <01:26:24> --> INFO : Se aplica Pantalla Completa.
Martes 21/Marzo/2008  <01:26:30> --> INFO : Se Ejecuta Interfaz de Cajero.
Martes 21/Marzo/2008  <01:26:30> --> INFO : Se aplica Pantalla Completa.
Martes 21/Marzo/2008  <01:26:31> --> INFO : Se Ejecuta Interfaz de Cajero.
Martes 21/Marzo/2008  <01:26:31> --> INFO : Se aplica Pantalla Completa.

------------------------| LOG DE SERVIDOR |-------------------
  IP del Servidor : desktop/192.168.1.2
  Nombre del Host : desktop
  Fecha y Hora de Inicio : Martes 21/Marzo/2008  <01:26:38>
--------------------------------------------------------------
Martes 21/Marzo/2008  <01:26:38> --> INFO : Se Ejecuta Interfaz de Iniciar Sesion.
Martes 21/Marzo/2008  <01:26:38> --> INFO : Se aplica Pantalla Completa.

------------------------| LOG DE SERVIDOR |-------------------
  IP del Servidor : desktop/192.168.1.2
  Nombre del Host : desktop
  Fecha y Hora de Inicio : Martes 21/Marzo/2008  <01:26:39>
--------------------------------------------------------------
Martes 21/Marzo/2008  <01:26:39> --> INFO : Se Ejecuta Interfaz de Iniciar Sesion.
Martes 21/Marzo/2008  <01:26:39> --> INFO : Se aplica Pantalla Completa.
Martes 21/Marzo/2008  <01:26:49> --> INFO : Se Ejecuta Interfaz de Administrador
Martes 21/Marzo/2008  <01:26:49> --> INFO : Se aplica Pantalla Completa.
Martes 21/Marzo/2008  <01:26:50> --> INFO : Se Ejecuta Interfaz de Administrador
Martes 21/Marzo/2008  <01:26:50> --> INFO : Se aplica Pantalla Completa.

------------------------| LOG DE SERVIDOR |-------------------
  IP del Servidor : desktop/192.168.1.2
  Nombre del Host : desktop
  Fecha y Hora de Inicio : Martes 21/Marzo/2008  <01:28:09>
--------------------------------------------------------------
Martes 21/Marzo/2008  <01:28:09> --> INFO : El Servidor esta Corriendo.
Martes 21/Marzo/2008  <01:28:09> --> INFO : Esperando Cliente.

------------------------| LOG DE SERVIDOR |-------------------
  IP del Servidor : desktop/192.168.1.2
  Nombre del Host : desktop
  Fecha y Hora de Inicio : Martes 21/Marzo/2008  <01:28:09>
--------------------------------------------------------------
Martes 21/Marzo/2008  <01:28:09> --> INFO : Se Ejecuta Interfaz de Iniciar Sesion.
Martes 21/Marzo/2008  <01:28:09> --> INFO : Se aplica Pantalla Completa.

------------------------| LOG DE SERVIDOR |-------------------
  IP del Servidor : desktop/192.168.1.2
  Nombre del Host : desktop
  Fecha y Hora de Inicio : Martes 21/Marzo/2008  <01:28:35>
--------------------------------------------------------------
Martes 21/Marzo/2008  <01:28:35> --> INFO : El Servidor esta Corriendo.
Martes 21/Marzo/2008  <01:28:35> --> INFO : Esperando Cliente.

------------------------| LOG DE SERVIDOR |-------------------
  IP del Servidor : desktop/192.168.1.2
  Nombre del Host : desktop
  Fecha y Hora de Inicio : Martes 21/Marzo/2008  <01:28:35>
--------------------------------------------------------------
Martes 21/Marzo/2008  <01:28:35> --> INFO : Se Ejecuta Interfaz de Iniciar Sesion.
Martes 21/Marzo/2008  <01:28:35> --> INFO : Se aplica Pantalla Completa.
Martes 21/Marzo/2008  <01:28:41> --> INFO : Se Ejecuta Interfaz de Cajero.
Martes 21/Marzo/2008  <01:28:41> --> INFO : Se aplica Pantalla Completa.
Martes 21/Marzo/2008  <01:28:42> --> INFO : Se Ejecuta Interfaz de Cajero.
Martes 21/Marzo/2008  <01:28:42> --> INFO : Se aplica Pantalla Completa.

------------------------| LOG DE SERVIDOR |-------------------
  IP del Servidor : desktop/192.168.1.2
  Nombre del Host : desktop
  Fecha y Hora de Inicio : Martes 21/Marzo/2008  <01:28:49>
--------------------------------------------------------------
Martes 21/Marzo/2008  <01:28:49> --> INFO : Se Ejecuta Interfaz de Iniciar Sesion.
Martes 21/Marzo/2008  <01:28:49> --> INFO : Se aplica Pantalla Completa.

------------------------| LOG DE SERVIDOR |-------------------
  IP del Servidor : desktop/192.168.1.2
  Nombre del Host : desktop
  Fecha y Hora de Inicio : Martes 21/Marzo/2008  <01:28:50>
--------------------------------------------------------------
Martes 21/Marzo/2008  <01:28:50> --> INFO : Se Ejecuta Interfaz de Iniciar Sesion.
Martes 21/Marzo/2008  <01:28:50> --> INFO : Se aplica Pantalla Completa.

------------------------| LOG DE SERVIDOR |-------------------
  IP del Servidor : desktop/192.168.1.2
  Nombre del Host : desktop
  Fecha y Hora de Inicio : Martes 21/Marzo/2008  <08:56:42>
--------------------------------------------------------------
Martes 21/Marzo/2008  <08:56:42> --> INFO : El Servidor esta Corriendo.
Martes 21/Marzo/2008  <08:56:42> --> INFO : Esperando Cliente.
Martes 21/Marzo/2008  <08:56:42> --> INFO : Se Ejecuta Interfaz de Iniciar Sesion.

------------------------| LOG DE SERVIDOR |-------------------
  IP del Servidor : desktop/192.168.1.2
  Nombre del Host : desktop
  Fecha y Hora de Inicio : Martes 21/Marzo/2008  <08:57:07>
--------------------------------------------------------------
Martes 21/Marzo/2008  <08:57:07> --> INFO : El Servidor esta Corriendo.
Martes 21/Marzo/2008  <08:57:07> --> INFO : Esperando Cliente.
Martes 21/Marzo/2008  <08:57:07> --> INFO : Se Ejecuta Interfaz de Iniciar Sesion.
Martes 21/Marzo/2008  <08:57:12> --> INFO : Se Ejecuta Interfaz de Administrador
Martes 21/Marzo/2008  <08:57:12> --> INFO : Se Ejecuta Interfaz de Administrador

------------------------| LOG DE SERVIDOR |-------------------
  IP del Servidor : desktop/192.168.1.2
  Nombre del Host : desktop
  Fecha y Hora de Inicio : Martes 21/Marzo/2008  <08:58:04>
--------------------------------------------------------------
Martes 21/Marzo/2008  <08:58:04> --> INFO : El Servidor esta Corriendo.
Martes 21/Marzo/2008  <08:58:04> --> INFO : Esperando Cliente.
Martes 21/Marzo/2008  <08:58:04> --> INFO : Se Ejecuta Interfaz de Iniciar Sesion.
Martes 21/Marzo/2008  <08:58:10> --> INFO : Se Ejecuta Interfaz de Administrador
Martes 21/Marzo/2008  <08:58:10> --> INFO : Se Ejecuta Interfaz de Administrador

------------------------| LOG DE SERVIDOR |-------------------
  IP del Servidor : desktop/192.168.1.2
  Nombre del Host : desktop
  Fecha y Hora de Inicio : Martes 21/Marzo/2008  <08:58:29>
--------------------------------------------------------------
Martes 21/Marzo/2008  <08:58:29> --> INFO : El Servidor esta Corriendo.
Martes 21/Marzo/2008  <08:58:29> --> INFO : Esperando Cliente.
Martes 21/Marzo/2008  <08:58:29> --> INFO : Se Ejecuta Interfaz de Iniciar Sesion.
Martes 21/Marzo/2008  <08:58:35> --> INFO : Se Ejecuta Interfaz de Administrador
Martes 21/Marzo/2008  <08:58:35> --> INFO : Se Ejecuta Interfaz de Administrador
Martes 21/Marzo/2008  <08:58:42> --> INFO : Se Ejecuta Interfaz de Iniciar Sesion.
Martes 21/Marzo/2008  <08:58:42> --> INFO : Se Ejecuta Interfaz de Iniciar Sesion.
Martes 21/Marzo/2008  <08:58:45> --> INFO : Se Ejecuta Interfaz de Cajero.
Martes 21/Marzo/2008  <08:58:45> --> INFO : Se Ejecuta Interfaz de Cajero.
Martes 21/Marzo/2008  <08:58:52> --> INFO : Se Ejecuta Interfaz de Iniciar Sesion.
Martes 21/Marzo/2008  <08:58:52> --> INFO : Se Ejecuta Interfaz de Iniciar Sesion.

------------------------| LOG DE SERVIDOR |-------------------
  IP del Servidor : desktop/192.168.1.2
  Nombre del Host : desktop
  Fecha y Hora de Inicio : Martes 21/Marzo/2008  <08:59:12>
--------------------------------------------------------------
Martes 21/Marzo/2008  <08:59:12> --> INFO : El Servidor esta Corriendo.
Martes 21/Marzo/2008  <08:59:12> --> INFO : Esperando Cliente.
Martes 21/Marzo/2008  <08:59:12> --> INFO : Se Ejecuta Interfaz de Iniciar Sesion.
Martes 21/Marzo/2008  <08:59:17> --> INFO : Se Ejecuta Interfaz de Administrador
Martes 21/Marzo/2008  <08:59:17> --> INFO : Se Ejecuta Interfaz de Administrador

------------------------| LOG DE SERVIDOR |-------------------
  IP del Servidor : desktop/192.168.1.2
  Nombre del Host : desktop
  Fecha y Hora de Inicio : Martes 21/Marzo/2008  <08:59:48>
--------------------------------------------------------------
Martes 21/Marzo/2008  <08:59:48> --> INFO : El Servidor esta Corriendo.
Martes 21/Marzo/2008  <08:59:48> --> INFO : Esperando Cliente.
Martes 21/Marzo/2008  <08:59:48> --> INFO : Se Ejecuta Interfaz de Iniciar Sesion.
Martes 21/Marzo/2008  <08:59:53> --> INFO : Se Ejecuta Interfaz de Administrador
Martes 21/Marzo/2008  <08:59:54> --> INFO : Se Ejecuta Interfaz de Administrador
Martes 21/Marzo/2008  <09:00:00> --> INFO : Se Ejecuta Interfaz de Iniciar Sesion.
Martes 21/Marzo/2008  <09:00:00> --> INFO : Se Ejecuta Interfaz de Iniciar Sesion.

------------------------| LOG DE SERVIDOR |-------------------
  IP del Servidor : desktop/192.168.1.2
  Nombre del Host : desktop
  Fecha y Hora de Inicio : Martes 21/Marzo/2008  <09:05:21>
--------------------------------------------------------------
Martes 21/Marzo/2008  <09:05:21> --> INFO : El Servidor esta Corriendo.
Martes 21/Marzo/2008  <09:05:21> --> INFO : Esperando Cliente.
Martes 21/Marzo/2008  <09:05:21> --> INFO : Se Ejecuta Interfaz de Iniciar Sesion.
Martes 21/Marzo/2008  <09:05:28> --> INFO : Se Ejecuta Interfaz de Administrador
Martes 21/Marzo/2008  <09:05:28> --> INFO : Se Ejecuta Interfaz de Administrador
Martes 21/Marzo/2008  <09:05:30> --> INFO : Se Ejecuta Interfaz de Iniciar Sesion.
Martes 21/Marzo/2008  <09:05:30> --> INFO : Se Ejecuta Interfaz de Iniciar Sesion.

------------------------| LOG DE SERVIDOR |-------------------
  IP del Servidor : desktop/192.168.1.2
  Nombre del Host : desktop
  Fecha y Hora de Inicio : Martes 21/Marzo/2008  <09:47:02>
--------------------------------------------------------------
Martes 21/Marzo/2008  <09:47:02> --> INFO : El Servidor esta Corriendo.
Martes 21/Marzo/2008  <09:47:02> --> INFO : Esperando Cliente.
Martes 21/Marzo/2008  <09:47:02> --> INFO : Se Ejecuta Interfaz de Iniciar Sesion.
Martes 21/Marzo/2008  <09:47:08> --> INFO : Se Ejecuta Interfaz de Administrador
Martes 21/Marzo/2008  <09:47:09> --> INFO : Se Ejecuta Interfaz de Administrador

------------------------| LOG DE SERVIDOR |-------------------
  IP del Servidor : desktop/192.168.1.2
  Nombre del Host : desktop
  Fecha y Hora de Inicio : Martes 21/Marzo/2008  <09:48:46>
--------------------------------------------------------------
Martes 21/Marzo/2008  <09:48:46> --> INFO : El Servidor esta Corriendo.
Martes 21/Marzo/2008  <09:48:46> --> INFO : Esperando Cliente.
Martes 21/Marzo/2008  <09:48:46> --> INFO : Se Ejecuta Interfaz de Iniciar Sesion.
Martes 21/Marzo/2008  <09:48:53> --> INFO : Se Ejecuta Interfaz de Administrador
Martes 21/Marzo/2008  <09:48:53> --> INFO : Se Ejecuta Interfaz de Administrador

------------------------| LOG DE SERVIDOR |-------------------
  IP del Servidor : desktop/192.168.1.2
  Nombre del Host : desktop
  Fecha y Hora de Inicio : Martes 21/Marzo/2008  <09:50:52>
--------------------------------------------------------------
Martes 21/Marzo/2008  <09:50:52> --> INFO : El Servidor esta Corriendo.
Martes 21/Marzo/2008  <09:50:52> --> INFO : Esperando Cliente.
Martes 21/Marzo/2008  <09:50:53> --> INFO : Se Ejecuta Interfaz de Iniciar Sesion.
Martes 21/Marzo/2008  <09:50:58> --> INFO : Se Ejecuta Interfaz de Administrador
Martes 21/Marzo/2008  <09:50:58> --> INFO : Se Ejecuta Interfaz de Administrador

------------------------| LOG DE SERVIDOR |-------------------
  IP del Servidor : desktop/192.168.1.2
  Nombre del Host : desktop
  Fecha y Hora de Inicio : Martes 21/Marzo/2008  <09:55:33>
--------------------------------------------------------------
Martes 21/Marzo/2008  <09:55:33> --> INFO : El Servidor esta Corriendo.
Martes 21/Marzo/2008  <09:55:33> --> INFO : Esperando Cliente.
Martes 21/Marzo/2008  <09:55:33> --> INFO : Se Ejecuta Interfaz de Iniciar Sesion.
Martes 21/Marzo/2008  <09:55:41> --> INFO : Se Ejecuta Interfaz de Administrador
Martes 21/Marzo/2008  <09:55:41> --> INFO : Se Ejecuta Interfaz de Administrador
Martes 21/Marzo/2008  <09:55:43> --> INFO : Se Ejecuta Interfaz de Iniciar Sesion.
Martes 21/Marzo/2008  <09:55:43> --> INFO : Se Ejecuta Interfaz de Iniciar Sesion.
Martes 21/Marzo/2008  <09:55:46> --> INFO : Se Ejecuta Interfaz de Administrador
Martes 21/Marzo/2008  <09:55:46> --> INFO : Se Ejecuta Interfaz de Administrador

------------------------| LOG DE SERVIDOR |-------------------
  IP del Servidor : desktop/192.168.1.2
  Nombre del Host : desktop
  Fecha y Hora de Inicio : Martes 21/Marzo/2008  <09:56:04>
--------------------------------------------------------------
Martes 21/Marzo/2008  <09:56:04> --> INFO : El Servidor esta Corriendo.
Martes 21/Marzo/2008  <09:56:04> --> INFO : Esperando Cliente.
Martes 21/Marzo/2008  <09:56:04> --> INFO : Se Ejecuta Interfaz de Iniciar Sesion.
Martes 21/Marzo/2008  <09:56:09> --> INFO : Se Ejecuta Interfaz de Administrador
Martes 21/Marzo/2008  <09:56:09> --> INFO : Se Ejecuta Interfaz de Administrador
Martes 21/Marzo/2008  <09:56:10> --> INFO : Se Ejecuta Interfaz de Iniciar Sesion.
Martes 21/Marzo/2008  <09:56:10> --> INFO : Se Ejecuta Interfaz de Iniciar Sesion.
Martes 21/Marzo/2008  <10:00:56> --> INFO : Se Ejecuta Interfaz de Administrador
Martes 21/Marzo/2008  <10:00:56> --> INFO : Se Ejecuta Interfaz de Administrador

------------------------| LOG DE SERVIDOR |-------------------
  IP del Servidor : desktop/192.168.1.2
  Nombre del Host : desktop
  Fecha y Hora de Inicio : Martes 21/Marzo/2008  <10:14:28>
--------------------------------------------------------------
Martes 21/Marzo/2008  <10:14:28> --> INFO : El Servidor esta Corriendo.
Martes 21/Marzo/2008  <10:14:28> --> INFO : Esperando Cliente.
Martes 21/Marzo/2008  <10:14:29> --> INFO : Se Ejecuta Interfaz de Iniciar Sesion.
Martes 21/Marzo/2008  <10:14:48> --> INFO : Se Ejecuta Interfaz de Administrador
Martes 21/Marzo/2008  <10:14:48> --> INFO : Se Ejecuta Interfaz de Administrador
Martes 21/Marzo/2008  <10:14:50> --> INFO : Se Ejecuta Interfaz de Iniciar Sesion.
Martes 21/Marzo/2008  <10:14:50> --> INFO : Se Ejecuta Interfaz de Iniciar Sesion.
Martes 21/Marzo/2008  <10:14:55> --> INFO : Se Ejecuta Interfaz de Administrador
Martes 21/Marzo/2008  <10:14:55> --> INFO : Se Ejecuta Interfaz de Administrador
Martes 21/Marzo/2008  <10:14:57> --> INFO : Se Ejecuta Interfaz de Iniciar Sesion.
Martes 21/Marzo/2008  <10:14:57> --> INFO : Se Ejecuta Interfaz de Iniciar Sesion.
Martes 21/Marzo/2008  <10:15:00> --> INFO : Se Ejecuta Interfaz de Cajero.
Martes 21/Marzo/2008  <10:15:00> --> INFO : Se Ejecuta Interfaz de Cajero.
Martes 21/Marzo/2008  <10:15:13> --> INFO : Se Ejecuta Interfaz de Iniciar Sesion.
Martes 21/Marzo/2008  <10:15:13> --> INFO : Se Ejecuta Interfaz de Iniciar Sesion.
Martes 21/Marzo/2008  <10:15:17> --> INFO : Se Ejecuta Interfaz de Administrador
Martes 21/Marzo/2008  <10:15:17> --> INFO : Se Ejecuta Interfaz de Administrador

------------------------| LOG DE SERVIDOR |-------------------
  IP del Servidor : desktop/192.168.1.2
  Nombre del Host : desktop
  Fecha y Hora de Inicio : Martes 21/Marzo/2008  <10:17:04>
--------------------------------------------------------------
Martes 21/Marzo/2008  <10:17:04> --> INFO : El Servidor esta Corriendo.
Martes 21/Marzo/2008  <10:17:04> --> INFO : Esperando Cliente.
Martes 21/Marzo/2008  <10:17:04> --> INFO : Se Ejecuta Interfaz de Iniciar Sesion.
Martes 21/Marzo/2008  <10:17:09> --> INFO : Se Ejecuta Interfaz de Administrador
Martes 21/Marzo/2008  <10:17:10> --> INFO : Se Ejecuta Interfaz de Administrador
Martes 21/Marzo/2008  <10:17:11> --> INFO : Se Ejecuta Interfaz de Iniciar Sesion.
Martes 21/Marzo/2008  <10:17:11> --> INFO : Se Ejecuta Interfaz de Iniciar Sesion.
Martes 21/Marzo/2008  <10:17:14> --> INFO : Se Ejecuta Interfaz de Administrador
Martes 21/Marzo/2008  <10:17:14> --> INFO : Se Ejecuta Interfaz de Administrador
Martes 21/Marzo/2008  <10:17:15> --> INFO : Se Ejecuta Interfaz de Iniciar Sesion.
Martes 21/Marzo/2008  <10:17:15> --> INFO : Se Ejecuta Interfaz de Iniciar Sesion.
Martes 21/Marzo/2008  <10:17:17> --> INFO : Se Ejecuta Interfaz de Cajero.
Martes 21/Marzo/2008  <10:17:17> --> INFO : Se Ejecuta Interfaz de Cajero.
Martes 21/Marzo/2008  <10:17:19> --> INFO : Se Ejecuta Interfaz de Iniciar Sesion.
Martes 21/Marzo/2008  <10:17:19> --> INFO : Se Ejecuta Interfaz de Iniciar Sesion.
Martes 21/Marzo/2008  <10:17:26> --> INFO : Se Ejecuta Interfaz de Administrador
Martes 21/Marzo/2008  <10:17:26> --> INFO : Se Ejecuta Interfaz de Administrador

------------------------| LOG DE SERVIDOR |-------------------
  IP del Servidor : desktop/192.168.1.2
  Nombre del Host : desktop
  Fecha y Hora de Inicio : Martes 21/Marzo/2008  <10:18:07>
--------------------------------------------------------------
Martes 21/Marzo/2008  <10:18:07> --> INFO : El Servidor esta Corriendo.
Martes 21/Marzo/2008  <10:18:07> --> INFO : Esperando Cliente.
Martes 21/Marzo/2008  <10:18:07> --> INFO : Se Ejecuta Interfaz de Iniciar Sesion.
Martes 21/Marzo/2008  <10:18:12> --> INFO : Se Ejecuta Interfaz de Administrador
Martes 21/Marzo/2008  <10:18:12> --> INFO : Se Ejecuta Interfaz de Administrador
Martes 21/Marzo/2008  <10:18:13> --> INFO : Se Ejecuta Interfaz de Iniciar Sesion.
Martes 21/Marzo/2008  <10:18:13> --> INFO : Se Ejecuta Interfaz de Iniciar Sesion.
Martes 21/Marzo/2008  <10:18:21> --> INFO : Se Ejecuta Interfaz de Administrador
Martes 21/Marzo/2008  <10:18:21> --> INFO : Se Ejecuta Interfaz de Administrador

------------------------| LOG DE SERVIDOR |-------------------
  IP del Servidor : desktop/192.168.1.2
  Nombre del Host : desktop
  Fecha y Hora de Inicio : Martes 21/Marzo/2008  <10:18:50>
--------------------------------------------------------------
Martes 21/Marzo/2008  <10:18:50> --> INFO : El Servidor esta Corriendo.
Martes 21/Marzo/2008  <10:18:50> --> INFO : Esperando Cliente.
Martes 21/Marzo/2008  <10:18:51> --> INFO : Se Ejecuta Interfaz de Iniciar Sesion.
Martes 21/Marzo/2008  <10:18:58> --> INFO : Se Ejecuta Interfaz de Administrador
Martes 21/Marzo/2008  <10:18:58> --> INFO : Se Ejecuta Interfaz de Administrador
Martes 21/Marzo/2008  <10:19:00> --> INFO : Se Ejecuta Interfaz de Iniciar Sesion.
Martes 21/Marzo/2008  <10:19:00> --> INFO : Se Ejecuta Interfaz de Iniciar Sesion.
Martes 21/Marzo/2008  <10:19:03> --> INFO : Se Ejecuta Interfaz de Administrador
Martes 21/Marzo/2008  <10:19:03> --> INFO : Se Ejecuta Interfaz de Administrador

------------------------| LOG DE SERVIDOR |-------------------
  IP del Servidor : desktop/192.168.1.2
  Nombre del Host : desktop
  Fecha y Hora de Inicio : Martes 21/Marzo/2008  <10:20:19>
--------------------------------------------------------------
Martes 21/Marzo/2008  <10:20:19> --> INFO : El Servidor esta Corriendo.
Martes 21/Marzo/2008  <10:20:19> --> INFO : Esperando Cliente.
Martes 21/Marzo/2008  <10:20:19> --> INFO : Se Ejecuta Interfaz de Iniciar Sesion.
Martes 21/Marzo/2008  <10:20:24> --> INFO : Se Ejecuta Interfaz de Administrador
Martes 21/Marzo/2008  <10:20:24> --> INFO : Se Ejecuta Interfaz de Administrador

------------------------| LOG DE SERVIDOR |-------------------
  IP del Servidor : desktop/192.168.1.2
  Nombre del Host : desktop
  Fecha y Hora de Inicio : Martes 21/Marzo/2008  <10:21:41>
--------------------------------------------------------------
Martes 21/Marzo/2008  <10:21:41> --> INFO : El Servidor esta Corriendo.
Martes 21/Marzo/2008  <10:21:41> --> INFO : Esperando Cliente.
Martes 21/Marzo/2008  <10:21:41> --> INFO : Se Ejecuta Interfaz de Iniciar Sesion.
Martes 21/Marzo/2008  <10:21:45> --> INFO : Se Ejecuta Interfaz de Administrador
Martes 21/Marzo/2008  <10:21:45> --> INFO : Se Ejecuta Interfaz de Administrador
Martes 21/Marzo/2008  <10:21:47> --> INFO : Se Ejecuta Interfaz de Iniciar Sesion.
Martes 21/Marzo/2008  <10:21:47> --> INFO : Se Ejecuta Interfaz de Iniciar Sesion.
Martes 21/Marzo/2008  <10:21:49> --> INFO : Se Ejecuta Interfaz de Administrador
Martes 21/Marzo/2008  <10:21:49> --> INFO : Se Ejecuta Interfaz de Administrador
Martes 21/Marzo/2008  <10:21:50> --> INFO : Se Ejecuta Interfaz de Iniciar Sesion.
Martes 21/Marzo/2008  <10:21:50> --> INFO : Se Ejecuta Interfaz de Iniciar Sesion.
Martes 21/Marzo/2008  <10:21:54> --> INFO : Se Ejecuta Interfaz de Administrador
Martes 21/Marzo/2008  <10:21:54> --> INFO : Se Ejecuta Interfaz de Administrador

------------------------| LOG DE SERVIDOR |-------------------
  IP del Servidor : desktop/192.168.1.2
  Nombre del Host : desktop
  Fecha y Hora de Inicio : Martes 21/Marzo/2008  <10:22:17>
--------------------------------------------------------------
Martes 21/Marzo/2008  <10:22:17> --> INFO : El Servidor esta Corriendo.
Martes 21/Marzo/2008  <10:22:17> --> INFO : Esperando Cliente.
Martes 21/Marzo/2008  <10:22:17> --> INFO : Se Ejecuta Interfaz de Iniciar Sesion.
Martes 21/Marzo/2008  <10:22:21> --> INFO : Se Ejecuta Interfaz de Administrador
Martes 21/Marzo/2008  <10:22:21> --> INFO : Se Ejecuta Interfaz de Administrador
Martes 21/Marzo/2008  <10:22:22> --> INFO : Se Ejecuta Interfaz de Iniciar Sesion.
Martes 21/Marzo/2008  <10:22:22> --> INFO : Se Ejecuta Interfaz de Iniciar Sesion.
Martes 21/Marzo/2008  <10:22:25> --> INFO : Se Ejecuta Interfaz de Administrador
Martes 21/Marzo/2008  <10:22:25> --> INFO : Se Ejecuta Interfaz de Administrador

------------------------| LOG DE SERVIDOR |-------------------
  IP del Servidor : desktop/192.168.1.2
  Nombre del Host : desktop
  Fecha y Hora de Inicio : Martes 21/Marzo/2008  <10:23:33>
--------------------------------------------------------------
Martes 21/Marzo/2008  <10:23:33> --> INFO : El Servidor esta Corriendo.
Martes 21/Marzo/2008  <10:23:33> --> INFO : Esperando Cliente.
Martes 21/Marzo/2008  <10:23:33> --> INFO : Se Ejecuta Interfaz de Iniciar Sesion.
Martes 21/Marzo/2008  <10:23:37> --> INFO : Se Ejecuta Interfaz de Administrador
Martes 21/Marzo/2008  <10:23:37> --> INFO : Se Ejecuta Interfaz de Administrador
Martes 21/Marzo/2008  <10:23:39> --> INFO : Se Ejecuta Interfaz de Iniciar Sesion.
Martes 21/Marzo/2008  <10:23:39> --> INFO : Se Ejecuta Interfaz de Iniciar Sesion.
Martes 21/Marzo/2008  <10:23:43> --> INFO : Se Ejecuta Interfaz de Administrador
Martes 21/Marzo/2008  <10:23:43> --> INFO : Se Ejecuta Interfaz de Administrador
Martes 21/Marzo/2008  <10:23:44> --> INFO : Se Ejecuta Interfaz de Iniciar Sesion.
Martes 21/Marzo/2008  <10:23:44> --> INFO : Se Ejecuta Interfaz de Iniciar Sesion.
Martes 21/Marzo/2008  <10:23:46> --> INFO : Se Ejecuta Interfaz de Administrador
Martes 21/Marzo/2008  <10:23:47> --> INFO : Se Ejecuta Interfaz de Administrador

------------------------| LOG DE SERVIDOR |-------------------
  IP del Servidor : desktop/192.168.1.2
  Nombre del Host : desktop
  Fecha y Hora de Inicio : Martes 21/Marzo/2008  <10:23:55>
--------------------------------------------------------------
Martes 21/Marzo/2008  <10:23:55> --> INFO : El Servidor esta Corriendo.
Martes 21/Marzo/2008  <10:23:55> --> INFO : Esperando Cliente.
Martes 21/Marzo/2008  <10:23:55> --> INFO : Se Ejecuta Interfaz de Iniciar Sesion.
Martes 21/Marzo/2008  <10:24:00> --> INFO : Se Ejecuta Interfaz de Administrador
Martes 21/Marzo/2008  <10:24:00> --> INFO : Se Ejecuta Interfaz de Administrador
Martes 21/Marzo/2008  <10:24:02> --> INFO : Se Ejecuta Interfaz de Iniciar Sesion.
Martes 21/Marzo/2008  <10:24:02> --> INFO : Se Ejecuta Interfaz de Iniciar Sesion.
Martes 21/Marzo/2008  <10:24:04> --> INFO : Se Ejecuta Interfaz de Administrador
Martes 21/Marzo/2008  <10:24:04> --> INFO : Se Ejecuta Interfaz de Administrador
Martes 21/Marzo/2008  <10:24:06> --> INFO : Se Ejecuta Interfaz de Iniciar Sesion.
Martes 21/Marzo/2008  <10:24:06> --> INFO : Se Ejecuta Interfaz de Iniciar Sesion.
Martes 21/Marzo/2008  <10:24:09> --> INFO : Se Ejecuta Interfaz de Administrador
Martes 21/Marzo/2008  <10:24:09> --> INFO : Se Ejecuta Interfaz de Administrador

------------------------| LOG DE SERVIDOR |-------------------
  IP del Servidor : desktop/192.168.1.2
  Nombre del Host : desktop
  Fecha y Hora de Inicio : Martes 21/Marzo/2008  <10:24:30>
--------------------------------------------------------------
Martes 21/Marzo/2008  <10:24:30> --> INFO : El Servidor esta Corriendo.
Martes 21/Marzo/2008  <10:24:30> --> INFO : Esperando Cliente.
Martes 21/Marzo/2008  <10:24:30> --> INFO : Se Ejecuta Interfaz de Iniciar Sesion.
Martes 21/Marzo/2008  <10:24:30> --> INFO : Se aplica Pantalla Completa.
Martes 21/Marzo/2008  <10:24:36> --> INFO : Se Ejecuta Interfaz de Administrador
Martes 21/Marzo/2008  <10:24:36> --> INFO : Se Ejecuta Interfaz de Administrador

------------------------| LOG DE SERVIDOR |-------------------
  IP del Servidor : desktop/192.168.1.2
  Nombre del Host : desktop
  Fecha y Hora de Inicio : Martes 21/Marzo/2008  <11:01:39>
--------------------------------------------------------------
Martes 21/Marzo/2008  <11:01:39> --> INFO : El Servidor esta Corriendo.
Martes 21/Marzo/2008  <11:01:39> --> INFO : Esperando Cliente.
Martes 21/Marzo/2008  <11:01:39> --> INFO : Se Ejecuta Interfaz de Iniciar Sesion.
Martes 21/Marzo/2008  <11:01:49> --> INFO : Se Ejecuta Interfaz de Administrador
Martes 21/Marzo/2008  <11:01:49> --> INFO : Se Ejecuta Interfaz de Administrador
Martes 21/Marzo/2008  <11:02:11> --> INFO : Se Ejecuta Interfaz de Iniciar Sesion.
Martes 21/Marzo/2008  <11:02:11> --> INFO : Se Ejecuta Interfaz de Iniciar Sesion.
Martes 21/Marzo/2008  <11:03:22> --> INFO : Se Ejecuta Interfaz de Administrador
Martes 21/Marzo/2008  <11:03:22> --> INFO : Se Ejecuta Interfaz de Administrador

------------------------| LOG DE SERVIDOR |-------------------
  IP del Servidor : desktop/192.168.1.2
  Nombre del Host : desktop
  Fecha y Hora de Inicio : Martes 21/Marzo/2008  <11:09:34>
--------------------------------------------------------------
Martes 21/Marzo/2008  <11:09:34> --> INFO : El Servidor esta Corriendo.
Martes 21/Marzo/2008  <11:09:34> --> INFO : Esperando Cliente.
Martes 21/Marzo/2008  <11:09:34> --> INFO : Se Ejecuta Interfaz de Iniciar Sesion.
Martes 21/Marzo/2008  <11:09:41> --> INFO : Se Ejecuta Interfaz de Administrador
Martes 21/Marzo/2008  <11:09:42> --> INFO : Se Ejecuta Interfaz de Administrador

------------------------| LOG DE SERVIDOR |-------------------
  IP del Servidor : desktop/192.168.1.2
  Nombre del Host : desktop
  Fecha y Hora de Inicio : Martes 21/Marzo/2008  <11:17:49>
--------------------------------------------------------------
Martes 21/Marzo/2008  <11:17:49> --> INFO : El Servidor esta Corriendo.
Martes 21/Marzo/2008  <11:17:49> --> INFO : Esperando Cliente.
Martes 21/Marzo/2008  <11:17:50> --> INFO : Se Ejecuta Interfaz de Iniciar Sesion.
Martes 21/Marzo/2008  <11:18:12> --> INFO : Se Ejecuta Interfaz de Administrador
Martes 21/Marzo/2008  <11:18:12> --> INFO : Se Ejecuta Interfaz de Administrador
Martes 21/Marzo/2008  <11:18:12> --> INFO : Se Ejecuta Interfaz de Administrador
Martes 21/Marzo/2008  <11:18:12> --> INFO : Se Ejecuta Interfaz de Administrador
Martes 21/Marzo/2008  <11:18:22> --> INFO : Se Ejecuta Interfaz de Iniciar Sesion.
Martes 21/Marzo/2008  <11:18:22> --> INFO : Se Ejecuta Interfaz de Iniciar Sesion.
Martes 21/Marzo/2008  <11:18:51> --> INFO : Se Ejecuta Interfaz de Administrador
Martes 21/Marzo/2008  <11:18:51> --> INFO : Se Ejecuta Interfaz de Administrador

------------------------| LOG DE SERVIDOR |-------------------
  IP del Servidor : desktop/192.168.1.2
  Nombre del Host : desktop
  Fecha y Hora de Inicio : Martes 21/Marzo/2008  <11:26:55>
--------------------------------------------------------------
Martes 21/Marzo/2008  <11:26:55> --> INFO : El Servidor esta Corriendo.
Martes 21/Marzo/2008  <11:26:55> --> INFO : Esperando Cliente.
Martes 21/Marzo/2008  <11:26:56> --> INFO : Se Ejecuta Interfaz de Iniciar Sesion.
Martes 21/Marzo/2008  <11:27:02> --> INFO : Se Ejecuta Interfaz de Administrador
Martes 21/Marzo/2008  <11:27:02> --> INFO : Se Ejecuta Interfaz de Administrador
Martes 21/Marzo/2008  <11:27:03> --> INFO : Se Ejecuta Interfaz de Iniciar Sesion.
Martes 21/Marzo/2008  <11:27:03> --> INFO : Se Ejecuta Interfaz de Iniciar Sesion.
Martes 21/Marzo/2008  <11:27:06> --> INFO : Se Ejecuta Interfaz de Administrador
Martes 21/Marzo/2008  <11:27:06> --> INFO : Se Ejecuta Interfaz de Administrador
Martes 21/Marzo/2008  <11:27:21> --> INFO : Se Ejecuta Interfaz de Iniciar Sesion.
Martes 21/Marzo/2008  <11:27:21> --> INFO : Se Ejecuta Interfaz de Iniciar Sesion.
Martes 21/Marzo/2008  <11:27:24> --> INFO : Se Ejecuta Interfaz de Administrador
Martes 21/Marzo/2008  <11:27:24> --> INFO : Se Ejecuta Interfaz de Administrador

------------------------| LOG DE SERVIDOR |-------------------
  IP del Servidor : desktop/192.168.1.2
  Nombre del Host : desktop
  Fecha y Hora de Inicio : Martes 21/Marzo/2008  <11:27:48>
--------------------------------------------------------------
Martes 21/Marzo/2008  <11:27:48> --> INFO : El Servidor esta Corriendo.
Martes 21/Marzo/2008  <11:27:48> --> INFO : Esperando Cliente.
Martes 21/Marzo/2008  <11:27:48> --> INFO : Se Ejecuta Interfaz de Iniciar Sesion.
Martes 21/Marzo/2008  <11:27:55> --> INFO : Se Ejecuta Interfaz de Administrador
Martes 21/Marzo/2008  <11:27:55> --> INFO : Se Ejecuta Interfaz de Administrador

------------------------| LOG DE SERVIDOR |-------------------
  IP del Servidor : desktop/192.168.1.2
  Nombre del Host : desktop
  Fecha y Hora de Inicio : Martes 21/Marzo/2008  <11:30:09>
--------------------------------------------------------------
Martes 21/Marzo/2008  <11:30:09> --> INFO : El Servidor esta Corriendo.
Martes 21/Marzo/2008  <11:30:09> --> INFO : Esperando Cliente.
Martes 21/Marzo/2008  <11:30:09> --> INFO : Se Ejecuta Interfaz de Iniciar Sesion.
Martes 21/Marzo/2008  <11:30:14> --> INFO : Se Ejecuta Interfaz de Administrador
Martes 21/Marzo/2008  <11:30:14> --> INFO : Se Ejecuta Interfaz de Administrador

------------------------| LOG DE SERVIDOR |-------------------
  IP del Servidor : desktop/192.168.1.2
  Nombre del Host : desktop
  Fecha y Hora de Inicio : Martes 21/Marzo/2008  <11:31:09>
--------------------------------------------------------------
Martes 21/Marzo/2008  <11:31:09> --> INFO : El Servidor esta Corriendo.
Martes 21/Marzo/2008  <11:31:09> --> INFO : Esperando Cliente.
Martes 21/Marzo/2008  <11:31:09> --> INFO : Se Ejecuta Interfaz de Iniciar Sesion.
Martes 21/Marzo/2008  <11:31:14> --> INFO : Se Ejecuta Interfaz de Administrador
Martes 21/Marzo/2008  <11:31:14> --> INFO : Se Ejecuta Interfaz de Administrador

------------------------| LOG DE SERVIDOR |-------------------
  IP del Servidor : desktop/192.168.1.2
  Nombre del Host : desktop
  Fecha y Hora de Inicio : Martes 21/Marzo/2008  <11:32:43>
--------------------------------------------------------------
Martes 21/Marzo/2008  <11:32:43> --> INFO : El Servidor esta Corriendo.
Martes 21/Marzo/2008  <11:32:43> --> INFO : Esperando Cliente.
Martes 21/Marzo/2008  <11:32:44> --> INFO : Se Ejecuta Interfaz de Iniciar Sesion.
Martes 21/Marzo/2008  <11:32:48> --> INFO : Se Ejecuta Interfaz de Administrador
Martes 21/Marzo/2008  <11:32:48> --> INFO : Se Ejecuta Interfaz de Administrador

------------------------| LOG DE SERVIDOR |-------------------
  IP del Servidor : desktop/192.168.1.2
  Nombre del Host : desktop
  Fecha y Hora de Inicio : Martes 21/Marzo/2008  <11:33:28>
--------------------------------------------------------------
Martes 21/Marzo/2008  <11:33:28> --> INFO : El Servidor esta Corriendo.
Martes 21/Marzo/2008  <11:33:28> --> INFO : Esperando Cliente.
Martes 21/Marzo/2008  <11:33:29> --> INFO : Se Ejecuta Interfaz de Iniciar Sesion.
Martes 21/Marzo/2008  <11:33:34> --> INFO : Se Ejecuta Interfaz de Administrador
Martes 21/Marzo/2008  <11:33:34> --> INFO : Se Ejecuta Interfaz de Administrador

------------------------| LOG DE SERVIDOR |-------------------
  IP del Servidor : desktop/192.168.1.2
  Nombre del Host : desktop
  Fecha y Hora de Inicio : Martes 21/Marzo/2008  <11:35:08>
--------------------------------------------------------------
Martes 21/Marzo/2008  <11:35:08> --> INFO : El Servidor esta Corriendo.
Martes 21/Marzo/2008  <11:35:08> --> INFO : Esperando Cliente.
Martes 21/Marzo/2008  <11:35:08> --> INFO : Se Ejecuta Interfaz de Iniciar Sesion.
Martes 21/Marzo/2008  <11:35:13> --> INFO : Se Ejecuta Interfaz de Administrador
Martes 21/Marzo/2008  <11:35:13> --> INFO : Se Ejecuta Interfaz de Administrador
Martes 21/Marzo/2008  <11:35:14> --> INFO : Se Ejecuta Interfaz de Iniciar Sesion.
Martes 21/Marzo/2008  <11:35:14> --> INFO : Se Ejecuta Interfaz de Iniciar Sesion.
Martes 21/Marzo/2008  <11:35:16> --> INFO : Se Ejecuta Interfaz de Administrador
Martes 21/Marzo/2008  <11:35:16> --> INFO : Se Ejecuta Interfaz de Administrador
Martes 21/Marzo/2008  <11:35:17> --> INFO : Se Ejecuta Interfaz de Iniciar Sesion.
Martes 21/Marzo/2008  <11:35:17> --> INFO : Se Ejecuta Interfaz de Iniciar Sesion.
Martes 21/Marzo/2008  <11:35:21> --> INFO : Se Ejecuta Interfaz de Administrador
Martes 21/Marzo/2008  <11:35:21> --> INFO : Se Ejecuta Interfaz de Administrador

------------------------| LOG DE SERVIDOR |-------------------
  IP del Servidor : desktop/192.168.1.2
  Nombre del Host : desktop
  Fecha y Hora de Inicio : Martes 21/Marzo/2008  <11:35:34>
--------------------------------------------------------------
Martes 21/Marzo/2008  <11:35:34> --> INFO : El Servidor esta Corriendo.
Martes 21/Marzo/2008  <11:35:34> --> INFO : Esperando Cliente.
Martes 21/Marzo/2008  <11:35:35> --> INFO : Se Ejecuta Interfaz de Iniciar Sesion.
Martes 21/Marzo/2008  <11:35:39> --> INFO : Se Ejecuta Interfaz de Administrador
Martes 21/Marzo/2008  <11:35:40> --> INFO : Se Ejecuta Interfaz de Administrador
Martes 21/Marzo/2008  <11:35:41> --> INFO : Se Ejecuta Interfaz de Iniciar Sesion.
Martes 21/Marzo/2008  <11:35:41> --> INFO : Se Ejecuta Interfaz de Iniciar Sesion.
Martes 21/Marzo/2008  <11:35:44> --> INFO : Se Ejecuta Interfaz de Administrador
Martes 21/Marzo/2008  <11:35:44> --> INFO : Se Ejecuta Interfaz de Administrador

------------------------| LOG DE SERVIDOR |-------------------
  IP del Servidor : desktop/192.168.1.2
  Nombre del Host : desktop
  Fecha y Hora de Inicio : Martes 21/Marzo/2008  <11:36:08>
--------------------------------------------------------------
Martes 21/Marzo/2008  <11:36:08> --> INFO : El Servidor esta Corriendo.
Martes 21/Marzo/2008  <11:36:08> --> INFO : Esperando Cliente.
Martes 21/Marzo/2008  <11:36:08> --> INFO : Se Ejecuta Interfaz de Iniciar Sesion.
Martes 21/Marzo/2008  <11:36:14> --> INFO : Se Ejecuta Interfaz de Administrador
Martes 21/Marzo/2008  <11:36:14> --> INFO : Se Ejecuta Interfaz de Administrador
Martes 21/Marzo/2008  <11:36:15> --> INFO : Se Ejecuta Interfaz de Iniciar Sesion.
Martes 21/Marzo/2008  <11:36:15> --> INFO : Se Ejecuta Interfaz de Iniciar Sesion.
Martes 21/Marzo/2008  <11:36:19> --> INFO : Se Ejecuta Interfaz de Administrador
Martes 21/Marzo/2008  <11:36:19> --> INFO : Se Ejecuta Interfaz de Administrador

------------------------| LOG DE SERVIDOR |-------------------
  IP del Servidor : desktop/192.168.1.2
  Nombre del Host : desktop
  Fecha y Hora de Inicio : Martes 21/Marzo/2008  <11:37:00>
--------------------------------------------------------------
Martes 21/Marzo/2008  <11:37:00> --> INFO : El Servidor esta Corriendo.
Martes 21/Marzo/2008  <11:37:00> --> INFO : Esperando Cliente.
Martes 21/Marzo/2008  <11:37:00> --> INFO : Se Ejecuta Interfaz de Iniciar Sesion.
Martes 21/Marzo/2008  <11:37:06> --> INFO : Se Ejecuta Interfaz de Administrador
Martes 21/Marzo/2008  <11:37:06> --> INFO : Se Ejecuta Interfaz de Administrador
Martes 21/Marzo/2008  <11:37:07> --> INFO : Se Ejecuta Interfaz de Iniciar Sesion.
Martes 21/Marzo/2008  <11:37:07> --> INFO : Se Ejecuta Interfaz de Iniciar Sesion.
Martes 21/Marzo/2008  <11:37:10> --> INFO : Se Ejecuta Interfaz de Administrador
Martes 21/Marzo/2008  <11:37:10> --> INFO : Se Ejecuta Interfaz de Administrador

------------------------| LOG DE SERVIDOR |-------------------
  IP del Servidor : desktop/192.168.1.2
  Nombre del Host : desktop
  Fecha y Hora de Inicio : Martes 21/Marzo/2008  <11:39:52>
--------------------------------------------------------------
Martes 21/Marzo/2008  <11:39:52> --> INFO : El Servidor esta Corriendo.
Martes 21/Marzo/2008  <11:39:52> --> INFO : Esperando Cliente.
Martes 21/Marzo/2008  <11:39:52> --> INFO : Se Ejecuta Interfaz de Iniciar Sesion.
Martes 21/Marzo/2008  <11:40:00> --> INFO : Se Ejecuta Interfaz de Administrador
Martes 21/Marzo/2008  <11:40:00> --> INFO : Se Ejecuta Interfaz de Administrador
Martes 21/Marzo/2008  <11:40:02> --> INFO : Se Ejecuta Interfaz de Iniciar Sesion.
Martes 21/Marzo/2008  <11:40:02> --> INFO : Se Ejecuta Interfaz de Iniciar Sesion.
Martes 21/Marzo/2008  <11:40:05> --> INFO : Se Ejecuta Interfaz de Administrador
Martes 21/Marzo/2008  <11:40:05> --> INFO : Se Ejecuta Interfaz de Administrador

------------------------| LOG DE SERVIDOR |-------------------
  IP del Servidor : desktop/192.168.1.2
  Nombre del Host : desktop
  Fecha y Hora de Inicio : Martes 21/Marzo/2008  <11:40:14>
--------------------------------------------------------------
Martes 21/Marzo/2008  <11:40:14> --> INFO : El Servidor esta Corriendo.
Martes 21/Marzo/2008  <11:40:14> --> INFO : Esperando Cliente.
Martes 21/Marzo/2008  <11:40:14> --> INFO : Se Ejecuta Interfaz de Iniciar Sesion.
Martes 21/Marzo/2008  <11:40:23> --> INFO : Se Ejecuta Interfaz de Administrador
Martes 21/Marzo/2008  <11:40:23> --> INFO : Se Ejecuta Interfaz de Administrador
Martes 21/Marzo/2008  <11:40:25> --> INFO : Se Ejecuta Interfaz de Iniciar Sesion.
Martes 21/Marzo/2008  <11:40:25> --> INFO : Se Ejecuta Interfaz de Iniciar Sesion.
Martes 21/Marzo/2008  <11:40:27> --> INFO : Se Ejecuta Interfaz de Administrador
Martes 21/Marzo/2008  <11:40:27> --> INFO : Se Ejecuta Interfaz de Administrador
Martes 21/Marzo/2008  <11:40:28> --> INFO : Se Ejecuta Interfaz de Iniciar Sesion.
Martes 21/Marzo/2008  <11:40:28> --> INFO : Se Ejecuta Interfaz de Iniciar Sesion.
Martes 21/Marzo/2008  <11:40:31> --> INFO : Se Ejecuta Interfaz de Administrador
Martes 21/Marzo/2008  <11:40:31> --> INFO : Se Ejecuta Interfaz de Administrador

------------------------| LOG DE SERVIDOR |-------------------
  IP del Servidor : desktop/192.168.1.2
  Nombre del Host : desktop
  Fecha y Hora de Inicio : Martes 21/Marzo/2008  <11:40:48>
--------------------------------------------------------------
Martes 21/Marzo/2008  <11:40:48> --> INFO : El Servidor esta Corriendo.
Martes 21/Marzo/2008  <11:40:48> --> INFO : Esperando Cliente.
Martes 21/Marzo/2008  <11:40:48> --> INFO : Se Ejecuta Interfaz de Iniciar Sesion.
Martes 21/Marzo/2008  <11:41:03> --> INFO : Se Ejecuta Interfaz de Cajero.
Martes 21/Marzo/2008  <11:41:03> --> INFO : Se Ejecuta Interfaz de Cajero.
Martes 21/Marzo/2008  <11:41:06> --> INFO : Se Ejecuta Interfaz de Iniciar Sesion.
Martes 21/Marzo/2008  <11:41:06> --> INFO : Se Ejecuta Interfaz de Iniciar Sesion.
Martes 21/Marzo/2008  <11:41:08> --> INFO : Se Ejecuta Interfaz de Administrador
Martes 21/Marzo/2008  <11:41:08> --> INFO : Se Ejecuta Interfaz de Administrador

------------------------| LOG DE SERVIDOR |-------------------
  IP del Servidor : desktop/192.168.1.2
  Nombre del Host : desktop
  Fecha y Hora de Inicio : Martes 21/Marzo/2008  <11:41:20>
--------------------------------------------------------------
Martes 21/Marzo/2008  <11:41:20> --> INFO : El Servidor esta Corriendo.
Martes 21/Marzo/2008  <11:41:20> --> INFO : Esperando Cliente.
Martes 21/Marzo/2008  <11:41:20> --> INFO : Se Ejecuta Interfaz de Iniciar Sesion.
Martes 21/Marzo/2008  <11:41:26> --> INFO : Se Ejecuta Interfaz de Administrador
Martes 21/Marzo/2008  <11:41:26> --> INFO : Se Ejecuta Interfaz de Administrador

------------------------| LOG DE SERVIDOR |-------------------
  IP del Servidor : desktop/192.168.1.2
  Nombre del Host : desktop
  Fecha y Hora de Inicio : Martes 21/Marzo/2008  <11:41:42>
--------------------------------------------------------------
Martes 21/Marzo/2008  <11:41:43> --> INFO : El Servidor esta Corriendo.
Martes 21/Marzo/2008  <11:41:43> --> INFO : Esperando Cliente.
Martes 21/Marzo/2008  <11:41:43> --> INFO : Se Ejecuta Interfaz de Iniciar Sesion.
Martes 21/Marzo/2008  <11:41:51> --> INFO : Se Ejecuta Interfaz de Cajero.
Martes 21/Marzo/2008  <11:41:51> --> INFO : Se Ejecuta Interfaz de Cajero.
Martes 21/Marzo/2008  <11:41:57> --> INFO : Se Ejecuta Interfaz de Iniciar Sesion.
Martes 21/Marzo/2008  <11:41:57> --> INFO : Se Ejecuta Interfaz de Iniciar Sesion.
Martes 21/Marzo/2008  <11:41:59> --> INFO : Se Ejecuta Interfaz de Administrador
Martes 21/Marzo/2008  <11:41:59> --> INFO : Se Ejecuta Interfaz de Administrador

------------------------| LOG DE SERVIDOR |-------------------
  IP del Servidor : desktop/192.168.1.2
  Nombre del Host : desktop
  Fecha y Hora de Inicio : Martes 21/Marzo/2008  <11:42:15>
--------------------------------------------------------------
Martes 21/Marzo/2008  <11:42:15> --> INFO : El Servidor esta Corriendo.
Martes 21/Marzo/2008  <11:42:15> --> INFO : Esperando Cliente.
Martes 21/Marzo/2008  <11:42:16> --> INFO : Se Ejecuta Interfaz de Iniciar Sesion.
Martes 21/Marzo/2008  <11:42:16> --> INFO : Se aplica Pantalla Completa.
Martes 21/Marzo/2008  <11:42:24> --> INFO : Se Ejecuta Interfaz de Administrador
Martes 21/Marzo/2008  <11:42:24> --> INFO : Se Ejecuta Interfaz de Administrador

------------------------| LOG DE SERVIDOR |-------------------
  IP del Servidor : desktop/192.168.1.2
  Nombre del Host : desktop
  Fecha y Hora de Inicio : Martes 21/Marzo/2008  <11:42:44>
--------------------------------------------------------------
Martes 21/Marzo/2008  <11:42:44> --> INFO : El Servidor esta Corriendo.
Martes 21/Marzo/2008  <11:42:44> --> INFO : Esperando Cliente.
Martes 21/Marzo/2008  <11:42:44> --> INFO : Se Ejecuta Interfaz de Iniciar Sesion.
Martes 21/Marzo/2008  <11:42:44> --> INFO : Se aplica Pantalla Completa.
Martes 21/Marzo/2008  <11:42:50> --> INFO : Se Ejecuta Interfaz de Administrador
Martes 21/Marzo/2008  <11:42:50> --> INFO : Se aplica Pantalla Completa.
Martes 21/Marzo/2008  <11:42:51> --> INFO : Se Ejecuta Interfaz de Administrador
Martes 21/Marzo/2008  <11:42:52> --> INFO : Se aplica Pantalla Completa.
Martes 21/Marzo/2008  <11:42:57> --> INFO : Se Ejecuta Interfaz de Iniciar Sesion.
Martes 21/Marzo/2008  <11:42:57> --> INFO : Se aplica Pantalla Completa.
Martes 21/Marzo/2008  <11:42:59> --> INFO : Se Ejecuta Interfaz de Iniciar Sesion.
Martes 21/Marzo/2008  <11:42:59> --> INFO : Se aplica Pantalla Completa.
Martes 21/Marzo/2008  <11:43:05> --> INFO : Se Ejecuta Interfaz de Administrador
Martes 21/Marzo/2008  <11:43:05> --> INFO : Se aplica Pantalla Completa.
Martes 21/Marzo/2008  <11:43:07> --> INFO : Se Ejecuta Interfaz de Administrador
Martes 21/Marzo/2008  <11:43:07> --> INFO : Se aplica Pantalla Completa.

------------------------| LOG DE SERVIDOR |-------------------
  IP del Servidor : desktop/192.168.1.2
  Nombre del Host : desktop
  Fecha y Hora de Inicio : Martes 21/Marzo/2008  <11:43:32>
--------------------------------------------------------------
Martes 21/Marzo/2008  <11:43:32> --> INFO : El Servidor esta Corriendo.
Martes 21/Marzo/2008  <11:43:32> --> INFO : Esperando Cliente.
Martes 21/Marzo/2008  <11:43:33> --> INFO : Se Ejecuta Interfaz de Iniciar Sesion.
Martes 21/Marzo/2008  <11:43:33> --> INFO : Se aplica Pantalla Completa.
Martes 21/Marzo/2008  <11:43:40> --> INFO : Se Ejecuta Interfaz de Cajero.
Martes 21/Marzo/2008  <11:43:40> --> INFO : Se aplica Pantalla Completa.
Martes 21/Marzo/2008  <11:43:41> --> INFO : Se Ejecuta Interfaz de Cajero.
Martes 21/Marzo/2008  <11:43:41> --> INFO : Se aplica Pantalla Completa.
Martes 21/Marzo/2008  <11:43:47> --> INFO : Se Ejecuta Interfaz de Iniciar Sesion.
Martes 21/Marzo/2008  <11:43:47> --> INFO : Se aplica Pantalla Completa.
Martes 21/Marzo/2008  <11:43:48> --> INFO : Se Ejecuta Interfaz de Iniciar Sesion.
Martes 21/Marzo/2008  <11:43:48> --> INFO : Se aplica Pantalla Completa.
Martes 21/Marzo/2008  <11:44:01> --> INFO : Se Ejecuta Interfaz de Administrador
Martes 21/Marzo/2008  <11:44:01> --> INFO : Se aplica Pantalla Completa.
Martes 21/Marzo/2008  <11:44:03> --> INFO : Se Ejecuta Interfaz de Administrador
Martes 21/Marzo/2008  <11:44:03> --> INFO : Se aplica Pantalla Completa.

------------------------| LOG DE SERVIDOR |-------------------
  IP del Servidor : desktop/192.168.1.2
  Nombre del Host : desktop
  Fecha y Hora de Inicio : Martes 21/Marzo/2008  <11:49:10>
--------------------------------------------------------------
Martes 21/Marzo/2008  <11:49:10> --> INFO : El Servidor esta Corriendo.
Martes 21/Marzo/2008  <11:49:10> --> INFO : Esperando Cliente.
Martes 21/Marzo/2008  <11:49:10> --> INFO : Se Ejecuta Interfaz de Iniciar Sesion.
Martes 21/Marzo/2008  <11:49:11> --> INFO : Se aplica Pantalla Completa.
Martes 21/Marzo/2008  <11:49:22> --> INFO : Se Ejecuta Interfaz de Administrador
Martes 21/Marzo/2008  <11:49:22> --> INFO : Se aplica Pantalla Completa.
Martes 21/Marzo/2008  <11:49:23> --> INFO : Se Ejecuta Interfaz de Administrador
Martes 21/Marzo/2008  <11:49:23> --> INFO : Se aplica Pantalla Completa.

------------------------| LOG DE SERVIDOR |-------------------
  IP del Servidor : desktop/192.168.1.2
  Nombre del Host : desktop
  Fecha y Hora de Inicio : Martes 21/Marzo/2008  <11:52:16>
--------------------------------------------------------------
Martes 21/Marzo/2008  <11:52:16> --> INFO : El Servidor esta Corriendo.
Martes 21/Marzo/2008  <11:52:16> --> INFO : Esperando Cliente.
Martes 21/Marzo/2008  <11:52:16> --> INFO : Se Ejecuta Interfaz de Iniciar Sesion.
Martes 21/Marzo/2008  <11:52:16> --> INFO : Se aplica Pantalla Completa.
Martes 21/Marzo/2008  <11:52:23> --> INFO : Se Ejecuta Interfaz de Administrador
Martes 21/Marzo/2008  <11:52:23> --> INFO : Se aplica Pantalla Completa.
Martes 21/Marzo/2008  <11:52:24> --> INFO : Se Ejecuta Interfaz de Administrador
Martes 21/Marzo/2008  <11:52:24> --> INFO : Se aplica Pantalla Completa.
Martes 21/Marzo/2008  <11:57:05> --> INFO : Se Ejecuta Interfaz de Iniciar Sesion.
Martes 21/Marzo/2008  <11:57:05> --> INFO : Se aplica Pantalla Completa.
Martes 21/Marzo/2008  <11:57:06> --> INFO : Se Ejecuta Interfaz de Iniciar Sesion.
Martes 21/Marzo/2008  <11:57:06> --> INFO : Se aplica Pantalla Completa.
Martes 21/Marzo/2008  <11:57:15> --> INFO : Se Ejecuta Interfaz de Administrador
Martes 21/Marzo/2008  <11:57:15> --> INFO : Se aplica Pantalla Completa.
Martes 21/Marzo/2008  <11:57:16> --> INFO : Se Ejecuta Interfaz de Administrador
Martes 21/Marzo/2008  <11:57:16> --> INFO : Se aplica Pantalla Completa.

------------------------| LOG DE SERVIDOR |-------------------
  IP del Servidor : desktop/192.168.1.2
  Nombre del Host : desktop
  Fecha y Hora de Inicio : Martes 21/Marzo/2008  <12:14:41>
--------------------------------------------------------------
Martes 21/Marzo/2008  <12:14:41> --> INFO : El Servidor esta Corriendo.
Martes 21/Marzo/2008  <12:14:41> --> INFO : Esperando Cliente.
Martes 21/Marzo/2008  <12:14:41> --> INFO : Se Ejecuta Interfaz de Iniciar Sesion.
Martes 21/Marzo/2008  <12:14:41> --> INFO : Se aplica Pantalla Completa.
Martes 21/Marzo/2008  <12:14:50> --> INFO : Se Ejecuta Interfaz de Administrador
Martes 21/Marzo/2008  <12:14:50> --> INFO : Se aplica Pantalla Completa.
Martes 21/Marzo/2008  <12:14:52> --> INFO : Se Ejecuta Interfaz de Administrador
Martes 21/Marzo/2008  <12:14:52> --> INFO : Se aplica Pantalla Completa.
Martes 21/Marzo/2008  <12:14:58> --> INFO : Se Ejecuta Interfaz de Iniciar Sesion.
Martes 21/Marzo/2008  <12:14:58> --> INFO : Se aplica Pantalla Completa.
Martes 21/Marzo/2008  <12:14:59> --> INFO : Se Ejecuta Interfaz de Iniciar Sesion.
Martes 21/Marzo/2008  <12:14:59> --> INFO : Se aplica Pantalla Completa.
Martes 21/Marzo/2008  <12:15:03> --> INFO : Se Ejecuta Interfaz de Administrador
Martes 21/Marzo/2008  <12:15:03> --> INFO : Se aplica Pantalla Completa.
Martes 21/Marzo/2008  <12:15:04> --> INFO : Se Ejecuta Interfaz de Administrador
Martes 21/Marzo/2008  <12:15:04> --> INFO : Se aplica Pantalla Completa.

------------------------| LOG DE SERVIDOR |-------------------
  IP del Servidor : desktop/192.168.1.2
  Nombre del Host : desktop
  Fecha y Hora de Inicio : Martes 21/Marzo/2008  <12:17:22>
--------------------------------------------------------------
Martes 21/Marzo/2008  <12:17:22> --> INFO : El Servidor esta Corriendo.
Martes 21/Marzo/2008  <12:17:22> --> INFO : Esperando Cliente.
Martes 21/Marzo/2008  <12:17:23> --> INFO : Se Ejecuta Interfaz de Iniciar Sesion.
Martes 21/Marzo/2008  <12:17:29> --> INFO : Se Ejecuta Interfaz de Administrador
Martes 21/Marzo/2008  <12:17:29> --> INFO : Se Ejecuta Interfaz de Administrador
Martes 21/Marzo/2008  <12:17:55> --> INFO : Se Ejecuta Interfaz de Iniciar Sesion.
Martes 21/Marzo/2008  <12:17:55> --> INFO : Se Ejecuta Interfaz de Iniciar Sesion.
Martes 21/Marzo/2008  <12:17:59> --> INFO : Se Ejecuta Interfaz de Administrador
Martes 21/Marzo/2008  <12:17:59> --> INFO : Se Ejecuta Interfaz de Administrador

------------------------| LOG DE SERVIDOR |-------------------
  IP del Servidor : desktop/192.168.1.2
  Nombre del Host : desktop
  Fecha y Hora de Inicio : Martes 21/Marzo/2008  <12:25:28>
--------------------------------------------------------------
Martes 21/Marzo/2008  <12:25:28> --> INFO : El Servidor esta Corriendo.
Martes 21/Marzo/2008  <12:25:28> --> INFO : Esperando Cliente.
Martes 21/Marzo/2008  <12:25:28> --> INFO : Se Ejecuta Interfaz de Iniciar Sesion.
Martes 21/Marzo/2008  <12:25:35> --> INFO : Se Ejecuta Interfaz de Administrador
Martes 21/Marzo/2008  <12:25:35> --> INFO : Se Ejecuta Interfaz de Administrador
Martes 21/Marzo/2008  <12:25:48> --> INFO : Se Ejecuta Interfaz de Iniciar Sesion.
Martes 21/Marzo/2008  <12:25:48> --> INFO : Se Ejecuta Interfaz de Iniciar Sesion.
Martes 21/Marzo/2008  <12:25:51> --> INFO : Se Ejecuta Interfaz de Administrador
Martes 21/Marzo/2008  <12:25:51> --> INFO : Se Ejecuta Interfaz de Administrador

------------------------| LOG DE SERVIDOR |-------------------
  IP del Servidor : desktop/192.168.1.2
  Nombre del Host : desktop
  Fecha y Hora de Inicio : Martes 21/Marzo/2008  <12:27:09>
--------------------------------------------------------------
Martes 21/Marzo/2008  <12:27:09> --> INFO : El Servidor esta Corriendo.
Martes 21/Marzo/2008  <12:27:09> --> INFO : Esperando Cliente.
Martes 21/Marzo/2008  <12:27:09> --> INFO : Se Ejecuta Interfaz de Iniciar Sesion.
Martes 21/Marzo/2008  <12:27:15> --> INFO : Se Ejecuta Interfaz de Administrador
Martes 21/Marzo/2008  <12:27:15> --> INFO : Se Ejecuta Interfaz de Administrador
Martes 21/Marzo/2008  <12:27:40> --> INFO : Se Ejecuta Interfaz de Iniciar Sesion.
Martes 21/Marzo/2008  <12:27:40> --> INFO : Se Ejecuta Interfaz de Iniciar Sesion.
Martes 21/Marzo/2008  <12:27:43> --> INFO : Se Ejecuta Interfaz de Cajero.
Martes 21/Marzo/2008  <12:27:43> --> INFO : Se Ejecuta Interfaz de Cajero.
Martes 21/Marzo/2008  <12:27:48> --> INFO : Se Ejecuta Interfaz de Iniciar Sesion.
Martes 21/Marzo/2008  <12:27:48> --> INFO : Se Ejecuta Interfaz de Iniciar Sesion.
Martes 21/Marzo/2008  <12:27:50> --> INFO : Se Ejecuta Interfaz de Administrador
Martes 21/Marzo/2008  <12:27:50> --> INFO : Se Ejecuta Interfaz de Administrador
Martes 21/Marzo/2008  <12:27:52> --> INFO : Se Ejecuta Interfaz de Iniciar Sesion.
Martes 21/Marzo/2008  <12:27:52> --> INFO : Se Ejecuta Interfaz de Iniciar Sesion.
Martes 21/Marzo/2008  <12:27:55> --> INFO : Se Ejecuta Interfaz de Administrador
Martes 21/Marzo/2008  <12:27:55> --> INFO : Se Ejecuta Interfaz de Administrador

------------------------| LOG DE SERVIDOR |-------------------
  IP del Servidor : desktop/192.168.1.2
  Nombre del Host : desktop
  Fecha y Hora de Inicio : Martes 21/Marzo/2008  <12:29:07>
--------------------------------------------------------------
Martes 21/Marzo/2008  <12:29:07> --> INFO : El Servidor esta Corriendo.
Martes 21/Marzo/2008  <12:29:07> --> INFO : Esperando Cliente.
Martes 21/Marzo/2008  <12:29:07> --> INFO : Se Ejecuta Interfaz de Iniciar Sesion.
Martes 21/Marzo/2008  <12:29:14> --> INFO : Se Ejecuta Interfaz de Administrador
Martes 21/Marzo/2008  <12:29:14> --> INFO : Se Ejecuta Interfaz de Administrador
Martes 21/Marzo/2008  <12:29:17> --> INFO : Se Ejecuta Interfaz de Iniciar Sesion.
Martes 21/Marzo/2008  <12:29:17> --> INFO : Se Ejecuta Interfaz de Iniciar Sesion.
Martes 21/Marzo/2008  <12:29:20> --> INFO : Se Ejecuta Interfaz de Cajero.
Martes 21/Marzo/2008  <12:29:20> --> INFO : Se Ejecuta Interfaz de Cajero.
Martes 21/Marzo/2008  <12:29:23> --> INFO : Se Ejecuta Interfaz de Iniciar Sesion.
Martes 21/Marzo/2008  <12:29:23> --> INFO : Se Ejecuta Interfaz de Iniciar Sesion.
Martes 21/Marzo/2008  <12:29:25> --> INFO : Se Ejecuta Interfaz de Administrador
Martes 21/Marzo/2008  <12:29:25> --> INFO : Se Ejecuta Interfaz de Administrador

------------------------| LOG DE SERVIDOR |-------------------
  IP del Servidor : desktop/192.168.1.2
  Nombre del Host : desktop
  Fecha y Hora de Inicio : Martes 21/Marzo/2008  <12:36:21>
--------------------------------------------------------------
Martes 21/Marzo/2008  <12:36:21> --> INFO : El Servidor esta Corriendo.
Martes 21/Marzo/2008  <12:36:21> --> INFO : Esperando Cliente.
Martes 21/Marzo/2008  <12:36:21> --> INFO : Se Ejecuta Interfaz de Iniciar Sesion.
Martes 21/Marzo/2008  <12:36:21> --> INFO : Se aplica Pantalla Completa.
Martes 21/Marzo/2008  <12:36:29> --> INFO : Se Ejecuta Interfaz de Administrador
Martes 21/Marzo/2008  <12:36:29> --> INFO : Se aplica Pantalla Completa.
Martes 21/Marzo/2008  <12:36:31> --> INFO : Se Ejecuta Interfaz de Administrador
Martes 21/Marzo/2008  <12:36:31> --> INFO : Se aplica Pantalla Completa.
Martes 21/Marzo/2008  <12:36:34> --> INFO : Se Ejecuta Interfaz de Iniciar Sesion.
Martes 21/Marzo/2008  <12:36:34> --> INFO : Se aplica Pantalla Completa.
Martes 21/Marzo/2008  <12:36:35> --> INFO : Se Ejecuta Interfaz de Iniciar Sesion.
Martes 21/Marzo/2008  <12:36:35> --> INFO : Se aplica Pantalla Completa.
Martes 21/Marzo/2008  <12:36:44> --> INFO : Se Ejecuta Interfaz de Administrador
Martes 21/Marzo/2008  <12:36:44> --> INFO : Se aplica Pantalla Completa.
Martes 21/Marzo/2008  <12:36:45> --> INFO : Se Ejecuta Interfaz de Administrador
Martes 21/Marzo/2008  <12:36:45> --> INFO : Se aplica Pantalla Completa.

------------------------| LOG DE SERVIDOR |-------------------
  IP del Servidor : desktop/192.168.1.2
  Nombre del Host : desktop
  Fecha y Hora de Inicio : Martes 21/Marzo/2008  <12:39:41>
--------------------------------------------------------------
Martes 21/Marzo/2008  <12:39:41> --> INFO : El Servidor esta Corriendo.
Martes 21/Marzo/2008  <12:39:41> --> INFO : Esperando Cliente.
Martes 21/Marzo/2008  <12:39:42> --> INFO : Se Ejecuta Interfaz de Iniciar Sesion.
Martes 21/Marzo/2008  <12:39:42> --> INFO : Se aplica Pantalla Completa.
Martes 21/Marzo/2008  <12:39:49> --> INFO : Se Ejecuta Interfaz de Administrador
Martes 21/Marzo/2008  <12:39:49> --> INFO : Se aplica Pantalla Completa.
Martes 21/Marzo/2008  <12:39:50> --> INFO : Se Ejecuta Interfaz de Administrador
Martes 21/Marzo/2008  <12:39:50> --> INFO : Se aplica Pantalla Completa.
